<?xml version="1.0" encoding="UTF-8"?>
<!-- Generated by org.testng.reporters.JUnitXMLReporter -->
<testsuite ignored="0" hostname="E1DV558" failures="0" tests="3" name="Creation" time="314.079" errors="0" timestamp="2025-10-08T16:42:27 IST">
  <testcase classname="AutomatedScriptOfJaleh01AsPOM.TC_CreateRecipe" name="Test_createRecipe" time="84.615"/>
  <testcase classname="AutomatedScriptOfJaleh01AsPOM.TC_CreateTemplateMenu" name="Test_TemplateMenu" time="103.796"/>
  <testcase classname="AutomatedScriptOfJaleh01AsPOM.TC_CreateProductionMenu" name="Test_ProductionMenu" time="107.252"/>
</testsuite> <!-- Creation -->
