<?xml version="1.0" encoding="UTF-8"?>
<!-- Generated by org.testng.reporters.JUnitXMLReporter -->
<testsuite ignored="0" hostname="E1DV558" failures="0" tests="4" name="Test" time="346.256" errors="0" timestamp="2025-08-18T15:20:44 IST">
  <testcase classname="Jaleh.recipe.Create_SiteRecipe2withdata" name="Test_createSiteRecipe" time="59.885"/>
  <testcase classname="Jaleh.recipe.Create_MasterRecipe2withdata" name="Test_createMasterRecipe" time="90.23"/>
  <testcase classname="Jaleh.recipe.Create_DraftRecipe2withdata" name="Test_createDraftRecipe" time="114.973"/>
  <testcase classname="Jaleh.recipe.Create_SectorRecipe2withdata" name="Test_createSectorRecipe" time="80.931"/>
</testsuite> <!-- Test -->
